<?xml version="1.0" encoding="UTF-8"?>
<!-- Generated by org.testng.reporters.JUnitReportReporter -->
<testsuite skipped="0" hostname="DESKTOP-R960KRP" name="web.TC0002_Navigation_HogaryElectro" tests="1" failures="0" timestamp="2020-01-30T23:35:57 ART" time="17.738" errors="0">
  <testcase name="TC0002NavigationHogaryElectro" time="17.738" classname="web.TC0002_Navigation_HogaryElectro"/>
</testsuite> <!-- web.TC0002_Navigation_HogaryElectro -->
