<?xml version="1.0" encoding="UTF-8"?>
<!-- Generated by org.testng.reporters.JUnitReportReporter -->
<testsuite skipped="0" hostname="DESKTOP-R960KRP" name="web.TC0005_Navigation_TitleAndPriceComparison" tests="1" failures="0" timestamp="2020-02-03T11:19:59 ART" time="25.246" errors="0">
  <testcase name="TC0001NavigationTecnologia" time="25.246" classname="web.TC0005_Navigation_TitleAndPriceComparison"/>
</testsuite> <!-- web.TC0005_Navigation_TitleAndPriceComparison -->
