<?xml version="1.0" encoding="UTF-8"?>
<!-- Generated by org.testng.reporters.JUnitReportReporter -->
<testsuite skipped="0" hostname="DESKTOP-R960KRP" name="web.TC0001_Navigation_Tecnologia" tests="1" failures="0" timestamp="2020-01-30T23:35:57 ART" time="20.976" errors="0">
  <testcase name="TC0001NavigationTecnologia" time="20.976" classname="web.TC0001_Navigation_Tecnologia"/>
</testsuite> <!-- web.TC0001_Navigation_Tecnologia -->
