<?xml version="1.0" encoding="UTF-8"?>
<!-- Generated by org.testng.reporters.JUnitReportReporter -->
<testsuite skipped="0" hostname="DESKTOP-R960KRP" name="web.TC0003_Navigation_HerramientaseIndustria" tests="1" failures="0" timestamp="2020-01-30T23:35:57 ART" time="17.077" errors="0">
  <testcase name="TC0003NavigationHerramientaseIndustria" time="17.077" classname="web.TC0003_Navigation_HerramientaseIndustria"/>
</testsuite> <!-- web.TC0003_Navigation_HerramientaseIndustria -->
