<?xml version="1.0" encoding="UTF-8"?>
<!-- Generated by org.testng.reporters.JUnitReportReporter -->
<testsuite skipped="0" hostname="DESKTOP-R960KRP" name="web.TC0003_HerramientaseIndustria" tests="1" failures="0" timestamp="2020-01-30T15:34:06 ART" time="16.898" errors="0">
  <testcase name="TC0003HerramientaseIndustria" time="16.898" classname="web.TC0003_HerramientaseIndustria"/>
</testsuite> <!-- web.TC0003_HerramientaseIndustria -->
