<?xml version="1.0" encoding="UTF-8"?>
<!-- Generated by org.testng.reporters.JUnitReportReporter -->
<testsuite skipped="0" hostname="DESKTOP-R960KRP" name="web.TC0004_Navigation_JuguetesyBebes" tests="1" failures="0" timestamp="2020-01-30T23:35:57 ART" time="17.082" errors="0">
  <testcase name="TC0004NavigationCuartosDelBebe" time="17.082" classname="web.TC0004_Navigation_JuguetesyBebes"/>
</testsuite> <!-- web.TC0004_Navigation_JuguetesyBebes -->
